<?xml version="1.0" encoding="UTF-8"?>
<!-- Generated by org.testng.reporters.JUnitReportReporter -->
<testsuite hostname="Sumit" failures="0" tests="3" name="rahulshettyacademy.Tests.SubmitOrderTest" time="25.654" errors="0" timestamp="2025-02-06T11:10:14 IST" skipped="0">
  <testcase classname="rahulshettyacademy.Tests.SubmitOrderTest" name="SubmitOrder" time="11.535"/>
  <testcase classname="rahulshettyacademy.Tests.SubmitOrderTest" name="SubmitOrder" time="8.331"/>
  <testcase classname="rahulshettyacademy.Tests.SubmitOrderTest" name="VerifyOrderDisplay" time="5.788"/>
</testsuite> <!-- rahulshettyacademy.Tests.SubmitOrderTest -->
