<?xml version="1.0" encoding="UTF-8"?>
<!-- Generated by org.testng.reporters.JUnitReportReporter -->
<testsuite hostname="Sumit" failures="0" tests="1" name="rahulshettyacademy.Tests.ErrorValidationTest" time="6.313" errors="0" timestamp="2025-01-27T16:10:50 IST" skipped="0">
  <testcase classname="rahulshettyacademy.Tests.ErrorValidationTest" name="SubmitOrder" time="6.313"/>
</testsuite> <!-- rahulshettyacademy.Tests.ErrorValidationTest -->
