<?xml version="1.0" encoding="UTF-8"?>
<!-- Generated by org.testng.reporters.JUnitReportReporter -->
<testsuite hostname="Sumit" failures="0" tests="2" name="cucumber.TestNGTestRunner" time="19.949" errors="0" timestamp="2025-02-13T17:17:40 IST" skipped="0">
  <testcase classname="cucumber.TestNGTestRunner" name="runScenario" time="9.777"/>
  <testcase classname="cucumber.TestNGTestRunner" name="runScenario" time="10.172"/>
</testsuite> <!-- cucumber.TestNGTestRunner -->
