<?xml version="1.0" encoding="UTF-8"?>
<!-- Generated by org.testng.reporters.JUnitReportReporter -->
<testsuite hostname="Sumit" failures="0" tests="2" name="rahulshettyacademy.Tests.SubmitOrderTest" time="27.672" errors="0" timestamp="2025-01-29T11:26:41 IST" skipped="0">
  <testcase classname="rahulshettyacademy.Tests.SubmitOrderTest" name="SubmitOrder" time="14.314"/>
  <testcase classname="rahulshettyacademy.Tests.SubmitOrderTest" name="SubmitOrder" time="13.358"/>
</testsuite> <!-- rahulshettyacademy.Tests.SubmitOrderTest -->
