<?xml version="1.0" encoding="UTF-8"?>
<!-- Generated by org.testng.reporters.JUnitReportReporter -->
<testsuite hostname="Sumit" failures="0" tests="3" name="rahulshettyacademy.Tests.SubmitOrderTest" time="23.472" errors="0" timestamp="2025-02-06T08:48:17 IST" skipped="0">
  <testcase classname="rahulshettyacademy.Tests.SubmitOrderTest" name="SubmitOrder" time="9.408"/>
  <testcase classname="rahulshettyacademy.Tests.SubmitOrderTest" name="SubmitOrder" time="7.793"/>
  <testcase classname="rahulshettyacademy.Tests.SubmitOrderTest" name="VerifyOrderDisplay" time="6.271"/>
</testsuite> <!-- rahulshettyacademy.Tests.SubmitOrderTest -->
