<?xml version="1.0" encoding="UTF-8"?>
<!-- Generated by org.testng.reporters.JUnitReportReporter -->
<testsuite hostname="Sumit" failures="0" tests="1" name="rahulshettyacademy.Tests.ErrorValidationTest" time="7.187" errors="0" timestamp="2025-01-28T10:23:25 IST" skipped="0">
  <testcase classname="rahulshettyacademy.Tests.ErrorValidationTest" name="loginErrorValdation" time="7.187"/>
</testsuite> <!-- rahulshettyacademy.Tests.ErrorValidationTest -->
